2025-09-30 17:01:41,185 | INFO | __main__ | [RUN] events_project01 starting…
2025-09-30 17:01:41,308 | INFO | core.io.loaders | [INGEST] Loaded data/raw/credit_card_process_activities.csv rows=600 cols=43
2025-09-30 17:01:41,322 | INFO | __main__ | [INGEST] raw rows=600 cols=43
2025-09-30 17:01:41,335 | WARNING | core.quality.dq_checks | [DQ] Issues detected: {'nulls': {'Dedupe_Flag': 218, 'Dedupe_Match_Type': 189, 'Existing_Record_Flag': 197, 'Fraud_Flag': 210, 'Exception_Flag': 202, 'Employment_Verified': 197, 'Income_Verified': 202, 'Address_Verified': 202, 'Escalation_Required': 210, 'Documents_Collected_Flag': 185, 'Welcome_Kit_Sent': 205}}
2025-09-30 17:01:41,344 | INFO | __main__ | [CLASSIFY] events=600 journeys=50
2025-09-30 17:01:41,369 | INFO | core.classes.activity_processor | [JOURNEY] created: APP001
2025-09-30 17:01:41,405 | INFO | core.classes.activity_processor | [SUMMARY] journey=APP001 events=12 steps_seen=5 issues_from_events=0
2025-09-30 17:01:41,405 | INFO | core.classes.activity_processor | [PROCESS] journey=APP001 rows=12 committed.
2025-09-30 17:01:41,409 | INFO | core.classes.activity_processor | [JOURNEY] created: APP002
2025-09-30 17:01:41,435 | INFO | core.classes.activity_processor | [SUMMARY] journey=APP002 events=12 steps_seen=5 issues_from_events=0
2025-09-30 17:01:41,435 | INFO | core.classes.activity_processor | [PROCESS] journey=APP002 rows=12 committed.
2025-09-30 17:01:41,439 | INFO | core.classes.activity_processor | [JOURNEY] created: APP003
2025-09-30 17:01:41,466 | INFO | core.classes.activity_processor | [SUMMARY] journey=APP003 events=12 steps_seen=5 issues_from_events=0
2025-09-30 17:01:41,467 | INFO | core.classes.activity_processor | [PROCESS] journey=APP003 rows=12 committed.
2025-09-30 17:01:41,470 | INFO | core.classes.activity_processor | [JOURNEY] created: APP004
2025-09-30 17:01:41,498 | INFO | core.classes.activity_processor | [SUMMARY] journey=APP004 events=12 steps_seen=5 issues_from_events=0
2025-09-30 17:01:41,498 | INFO | core.classes.activity_processor | [PROCESS] journey=APP004 rows=12 committed.
2025-09-30 17:01:41,502 | INFO | core.classes.activity_processor | [JOURNEY] created: APP005
2025-09-30 17:01:41,527 | INFO | core.classes.activity_processor | [SUMMARY] journey=APP005 events=12 steps_seen=5 issues_from_events=0
2025-09-30 17:01:41,527 | INFO | core.classes.activity_processor | [PROCESS] journey=APP005 rows=12 committed.
2025-09-30 17:01:41,531 | INFO | core.classes.activity_processor | [JOURNEY] created: APP006
2025-09-30 17:01:41,559 | INFO | core.classes.activity_processor | [SUMMARY] journey=APP006 events=12 steps_seen=5 issues_from_events=0
2025-09-30 17:01:41,559 | INFO | core.classes.activity_processor | [PROCESS] journey=APP006 rows=12 committed.
2025-09-30 17:01:41,563 | INFO | core.classes.activity_processor | [JOURNEY] created: APP007
2025-09-30 17:01:41,588 | INFO | core.classes.activity_processor | [SUMMARY] journey=APP007 events=12 steps_seen=5 issues_from_events=0
2025-09-30 17:01:41,589 | INFO | core.classes.activity_processor | [PROCESS] journey=APP007 rows=12 committed.
2025-09-30 17:01:41,592 | INFO | core.classes.activity_processor | [JOURNEY] created: APP008
2025-09-30 17:01:41,620 | INFO | core.classes.activity_processor | [SUMMARY] journey=APP008 events=12 steps_seen=5 issues_from_events=0
2025-09-30 17:01:41,620 | INFO | core.classes.activity_processor | [PROCESS] journey=APP008 rows=12 committed.
2025-09-30 17:01:41,624 | INFO | core.classes.activity_processor | [JOURNEY] created: APP009
2025-09-30 17:01:41,649 | INFO | core.classes.activity_processor | [SUMMARY] journey=APP009 events=12 steps_seen=5 issues_from_events=0
2025-09-30 17:01:41,649 | INFO | core.classes.activity_processor | [PROCESS] journey=APP009 rows=12 committed.
2025-09-30 17:01:41,653 | INFO | core.classes.activity_processor | [JOURNEY] created: APP010
2025-09-30 17:01:41,682 | INFO | core.classes.activity_processor | [SUMMARY] journey=APP010 events=12 steps_seen=5 issues_from_events=0
2025-09-30 17:01:41,682 | INFO | core.classes.activity_processor | [PROCESS] journey=APP010 rows=12 committed.
2025-09-30 17:01:41,686 | INFO | core.classes.activity_processor | [JOURNEY] created: APP011
2025-09-30 17:01:41,716 | INFO | core.classes.activity_processor | [SUMMARY] journey=APP011 events=12 steps_seen=5 issues_from_events=0
2025-09-30 17:01:41,716 | INFO | core.classes.activity_processor | [PROCESS] journey=APP011 rows=12 committed.
2025-09-30 17:01:41,719 | INFO | core.classes.activity_processor | [JOURNEY] created: APP012
2025-09-30 17:01:41,746 | INFO | core.classes.activity_processor | [SUMMARY] journey=APP012 events=12 steps_seen=5 issues_from_events=0
2025-09-30 17:01:41,746 | INFO | core.classes.activity_processor | [PROCESS] journey=APP012 rows=12 committed.
2025-09-30 17:01:41,750 | INFO | core.classes.activity_processor | [JOURNEY] created: APP013
2025-09-30 17:01:41,778 | INFO | core.classes.activity_processor | [SUMMARY] journey=APP013 events=12 steps_seen=5 issues_from_events=0
2025-09-30 17:01:41,778 | INFO | core.classes.activity_processor | [PROCESS] journey=APP013 rows=12 committed.
2025-09-30 17:01:41,782 | INFO | core.classes.activity_processor | [JOURNEY] created: APP014
2025-09-30 17:01:41,809 | INFO | core.classes.activity_processor | [SUMMARY] journey=APP014 events=12 steps_seen=5 issues_from_events=0
2025-09-30 17:01:41,809 | INFO | core.classes.activity_processor | [PROCESS] journey=APP014 rows=12 committed.
2025-09-30 17:01:41,813 | INFO | core.classes.activity_processor | [JOURNEY] created: APP015
2025-09-30 17:01:41,838 | INFO | core.classes.activity_processor | [SUMMARY] journey=APP015 events=12 steps_seen=5 issues_from_events=0
2025-09-30 17:01:41,838 | INFO | core.classes.activity_processor | [PROCESS] journey=APP015 rows=12 committed.
2025-09-30 17:01:41,842 | INFO | core.classes.activity_processor | [JOURNEY] created: APP016
2025-09-30 17:01:41,869 | INFO | core.classes.activity_processor | [SUMMARY] journey=APP016 events=12 steps_seen=5 issues_from_events=0
2025-09-30 17:01:41,869 | INFO | core.classes.activity_processor | [PROCESS] journey=APP016 rows=12 committed.
2025-09-30 17:01:41,872 | INFO | core.classes.activity_processor | [JOURNEY] created: APP017
2025-09-30 17:01:41,902 | INFO | core.classes.activity_processor | [SUMMARY] journey=APP017 events=12 steps_seen=5 issues_from_events=0
2025-09-30 17:01:41,902 | INFO | core.classes.activity_processor | [PROCESS] journey=APP017 rows=12 committed.
2025-09-30 17:01:41,906 | INFO | core.classes.activity_processor | [JOURNEY] created: APP018
2025-09-30 17:01:41,933 | INFO | core.classes.activity_processor | [SUMMARY] journey=APP018 events=12 steps_seen=5 issues_from_events=0
2025-09-30 17:01:41,933 | INFO | core.classes.activity_processor | [PROCESS] journey=APP018 rows=12 committed.
2025-09-30 17:01:41,937 | INFO | core.classes.activity_processor | [JOURNEY] created: APP019
2025-09-30 17:01:41,964 | INFO | core.classes.activity_processor | [SUMMARY] journey=APP019 events=12 steps_seen=5 issues_from_events=0
2025-09-30 17:01:41,964 | INFO | core.classes.activity_processor | [PROCESS] journey=APP019 rows=12 committed.
2025-09-30 17:01:41,967 | INFO | core.classes.activity_processor | [JOURNEY] created: APP020
2025-09-30 17:01:41,995 | INFO | core.classes.activity_processor | [SUMMARY] journey=APP020 events=12 steps_seen=5 issues_from_events=0
2025-09-30 17:01:41,995 | INFO | core.classes.activity_processor | [PROCESS] journey=APP020 rows=12 committed.
2025-09-30 17:01:41,998 | INFO | core.classes.activity_processor | [JOURNEY] created: APP021
2025-09-30 17:01:42,024 | INFO | core.classes.activity_processor | [SUMMARY] journey=APP021 events=12 steps_seen=5 issues_from_events=0
2025-09-30 17:01:42,024 | INFO | core.classes.activity_processor | [PROCESS] journey=APP021 rows=12 committed.
2025-09-30 17:01:42,028 | INFO | core.classes.activity_processor | [JOURNEY] created: APP022
2025-09-30 17:01:42,054 | INFO | core.classes.activity_processor | [SUMMARY] journey=APP022 events=12 steps_seen=5 issues_from_events=0
2025-09-30 17:01:42,054 | INFO | core.classes.activity_processor | [PROCESS] journey=APP022 rows=12 committed.
2025-09-30 17:01:42,058 | INFO | core.classes.activity_processor | [JOURNEY] created: APP023
2025-09-30 17:01:42,085 | INFO | core.classes.activity_processor | [SUMMARY] journey=APP023 events=12 steps_seen=5 issues_from_events=0
2025-09-30 17:01:42,086 | INFO | core.classes.activity_processor | [PROCESS] journey=APP023 rows=12 committed.
2025-09-30 17:01:42,089 | INFO | core.classes.activity_processor | [JOURNEY] created: APP024
2025-09-30 17:01:42,119 | INFO | core.classes.activity_processor | [SUMMARY] journey=APP024 events=12 steps_seen=5 issues_from_events=0
2025-09-30 17:01:42,119 | INFO | core.classes.activity_processor | [PROCESS] journey=APP024 rows=12 committed.
2025-09-30 17:01:42,124 | INFO | core.classes.activity_processor | [JOURNEY] created: APP025
2025-09-30 17:01:42,155 | INFO | core.classes.activity_processor | [SUMMARY] journey=APP025 events=12 steps_seen=5 issues_from_events=0
2025-09-30 17:01:42,156 | INFO | core.classes.activity_processor | [PROCESS] journey=APP025 rows=12 committed.
2025-09-30 17:01:42,159 | INFO | core.classes.activity_processor | [JOURNEY] created: APP026
2025-09-30 17:01:42,186 | INFO | core.classes.activity_processor | [SUMMARY] journey=APP026 events=12 steps_seen=5 issues_from_events=0
2025-09-30 17:01:42,186 | INFO | core.classes.activity_processor | [PROCESS] journey=APP026 rows=12 committed.
2025-09-30 17:01:42,190 | INFO | core.classes.activity_processor | [JOURNEY] created: APP027
2025-09-30 17:01:42,218 | INFO | core.classes.activity_processor | [SUMMARY] journey=APP027 events=12 steps_seen=5 issues_from_events=0
2025-09-30 17:01:42,218 | INFO | core.classes.activity_processor | [PROCESS] journey=APP027 rows=12 committed.
2025-09-30 17:01:42,221 | INFO | core.classes.activity_processor | [JOURNEY] created: APP028
2025-09-30 17:01:42,249 | INFO | core.classes.activity_processor | [SUMMARY] journey=APP028 events=12 steps_seen=5 issues_from_events=0
2025-09-30 17:01:42,249 | INFO | core.classes.activity_processor | [PROCESS] journey=APP028 rows=12 committed.
2025-09-30 17:01:42,252 | INFO | core.classes.activity_processor | [JOURNEY] created: APP029
2025-09-30 17:01:42,276 | INFO | core.classes.activity_processor | [SUMMARY] journey=APP029 events=12 steps_seen=5 issues_from_events=0
2025-09-30 17:01:42,276 | INFO | core.classes.activity_processor | [PROCESS] journey=APP029 rows=12 committed.
2025-09-30 17:01:42,280 | INFO | core.classes.activity_processor | [JOURNEY] created: APP030
2025-09-30 17:01:42,307 | INFO | core.classes.activity_processor | [SUMMARY] journey=APP030 events=12 steps_seen=5 issues_from_events=0
2025-09-30 17:01:42,307 | INFO | core.classes.activity_processor | [PROCESS] journey=APP030 rows=12 committed.
2025-09-30 17:01:42,311 | INFO | core.classes.activity_processor | [JOURNEY] created: APP031
2025-09-30 17:01:42,339 | INFO | core.classes.activity_processor | [SUMMARY] journey=APP031 events=12 steps_seen=5 issues_from_events=0
2025-09-30 17:01:42,339 | INFO | core.classes.activity_processor | [PROCESS] journey=APP031 rows=12 committed.
2025-09-30 17:01:42,343 | INFO | core.classes.activity_processor | [JOURNEY] created: APP032
2025-09-30 17:01:42,367 | INFO | core.classes.activity_processor | [SUMMARY] journey=APP032 events=12 steps_seen=5 issues_from_events=0
2025-09-30 17:01:42,367 | INFO | core.classes.activity_processor | [PROCESS] journey=APP032 rows=12 committed.
2025-09-30 17:01:42,370 | INFO | core.classes.activity_processor | [JOURNEY] created: APP033
2025-09-30 17:01:42,399 | INFO | core.classes.activity_processor | [SUMMARY] journey=APP033 events=12 steps_seen=5 issues_from_events=0
2025-09-30 17:01:42,399 | INFO | core.classes.activity_processor | [PROCESS] journey=APP033 rows=12 committed.
2025-09-30 17:01:42,403 | INFO | core.classes.activity_processor | [JOURNEY] created: APP034
2025-09-30 17:01:42,428 | INFO | core.classes.activity_processor | [SUMMARY] journey=APP034 events=12 steps_seen=5 issues_from_events=0
2025-09-30 17:01:42,428 | INFO | core.classes.activity_processor | [PROCESS] journey=APP034 rows=12 committed.
2025-09-30 17:01:42,432 | INFO | core.classes.activity_processor | [JOURNEY] created: APP035
2025-09-30 17:01:42,456 | INFO | core.classes.activity_processor | [SUMMARY] journey=APP035 events=12 steps_seen=5 issues_from_events=0
2025-09-30 17:01:42,457 | INFO | core.classes.activity_processor | [PROCESS] journey=APP035 rows=12 committed.
2025-09-30 17:01:42,460 | INFO | core.classes.activity_processor | [JOURNEY] created: APP036
2025-09-30 17:01:42,486 | INFO | core.classes.activity_processor | [SUMMARY] journey=APP036 events=12 steps_seen=5 issues_from_events=0
2025-09-30 17:01:42,486 | INFO | core.classes.activity_processor | [PROCESS] journey=APP036 rows=12 committed.
2025-09-30 17:01:42,489 | INFO | core.classes.activity_processor | [JOURNEY] created: APP037
2025-09-30 17:01:42,516 | INFO | core.classes.activity_processor | [SUMMARY] journey=APP037 events=12 steps_seen=5 issues_from_events=0
2025-09-30 17:01:42,516 | INFO | core.classes.activity_processor | [PROCESS] journey=APP037 rows=12 committed.
2025-09-30 17:01:42,519 | INFO | core.classes.activity_processor | [JOURNEY] created: APP038
2025-09-30 17:01:42,545 | INFO | core.classes.activity_processor | [SUMMARY] journey=APP038 events=12 steps_seen=5 issues_from_events=0
2025-09-30 17:01:42,545 | INFO | core.classes.activity_processor | [PROCESS] journey=APP038 rows=12 committed.
2025-09-30 17:01:42,548 | INFO | core.classes.activity_processor | [JOURNEY] created: APP039
2025-09-30 17:01:42,574 | INFO | core.classes.activity_processor | [SUMMARY] journey=APP039 events=12 steps_seen=5 issues_from_events=0
2025-09-30 17:01:42,574 | INFO | core.classes.activity_processor | [PROCESS] journey=APP039 rows=12 committed.
2025-09-30 17:01:42,577 | INFO | core.classes.activity_processor | [JOURNEY] created: APP040
2025-09-30 17:01:42,605 | INFO | core.classes.activity_processor | [SUMMARY] journey=APP040 events=12 steps_seen=5 issues_from_events=0
2025-09-30 17:01:42,605 | INFO | core.classes.activity_processor | [PROCESS] journey=APP040 rows=12 committed.
2025-09-30 17:01:42,608 | INFO | core.classes.activity_processor | [JOURNEY] created: APP041
2025-09-30 17:01:42,633 | INFO | core.classes.activity_processor | [SUMMARY] journey=APP041 events=12 steps_seen=5 issues_from_events=0
2025-09-30 17:01:42,634 | INFO | core.classes.activity_processor | [PROCESS] journey=APP041 rows=12 committed.
2025-09-30 17:01:42,637 | INFO | core.classes.activity_processor | [JOURNEY] created: APP042
2025-09-30 17:01:42,660 | INFO | core.classes.activity_processor | [SUMMARY] journey=APP042 events=12 steps_seen=5 issues_from_events=0
2025-09-30 17:01:42,661 | INFO | core.classes.activity_processor | [PROCESS] journey=APP042 rows=12 committed.
2025-09-30 17:01:42,664 | INFO | core.classes.activity_processor | [JOURNEY] created: APP043
2025-09-30 17:01:42,689 | INFO | core.classes.activity_processor | [SUMMARY] journey=APP043 events=12 steps_seen=5 issues_from_events=0
2025-09-30 17:01:42,689 | INFO | core.classes.activity_processor | [PROCESS] journey=APP043 rows=12 committed.
2025-09-30 17:01:42,692 | INFO | core.classes.activity_processor | [JOURNEY] created: APP044
2025-09-30 17:01:42,715 | INFO | core.classes.activity_processor | [SUMMARY] journey=APP044 events=12 steps_seen=5 issues_from_events=0
2025-09-30 17:01:42,716 | INFO | core.classes.activity_processor | [PROCESS] journey=APP044 rows=12 committed.
2025-09-30 17:01:42,719 | INFO | core.classes.activity_processor | [JOURNEY] created: APP045
2025-09-30 17:01:42,744 | INFO | core.classes.activity_processor | [SUMMARY] journey=APP045 events=12 steps_seen=5 issues_from_events=0
2025-09-30 17:01:42,744 | INFO | core.classes.activity_processor | [PROCESS] journey=APP045 rows=12 committed.
2025-09-30 17:01:42,748 | INFO | core.classes.activity_processor | [JOURNEY] created: APP046
2025-09-30 17:01:42,774 | INFO | core.classes.activity_processor | [SUMMARY] journey=APP046 events=12 steps_seen=5 issues_from_events=0
2025-09-30 17:01:42,774 | INFO | core.classes.activity_processor | [PROCESS] journey=APP046 rows=12 committed.
2025-09-30 17:01:42,777 | INFO | core.classes.activity_processor | [JOURNEY] created: APP047
2025-09-30 17:01:42,805 | INFO | core.classes.activity_processor | [SUMMARY] journey=APP047 events=12 steps_seen=5 issues_from_events=0
2025-09-30 17:01:42,806 | INFO | core.classes.activity_processor | [PROCESS] journey=APP047 rows=12 committed.
2025-09-30 17:01:42,809 | INFO | core.classes.activity_processor | [JOURNEY] created: APP048
2025-09-30 17:01:42,838 | INFO | core.classes.activity_processor | [SUMMARY] journey=APP048 events=12 steps_seen=5 issues_from_events=0
2025-09-30 17:01:42,838 | INFO | core.classes.activity_processor | [PROCESS] journey=APP048 rows=12 committed.
2025-09-30 17:01:42,841 | INFO | core.classes.activity_processor | [JOURNEY] created: APP049
2025-09-30 17:01:42,865 | INFO | core.classes.activity_processor | [SUMMARY] journey=APP049 events=12 steps_seen=5 issues_from_events=0
2025-09-30 17:01:42,866 | INFO | core.classes.activity_processor | [PROCESS] journey=APP049 rows=12 committed.
2025-09-30 17:01:42,869 | INFO | core.classes.activity_processor | [JOURNEY] created: APP050
2025-09-30 17:01:42,895 | INFO | core.classes.activity_processor | [SUMMARY] journey=APP050 events=12 steps_seen=5 issues_from_events=0
2025-09-30 17:01:42,896 | INFO | core.classes.activity_processor | [PROCESS] journey=APP050 rows=12 committed.
2025-09-30 17:01:43,196 | INFO | core.transforms.process_master | [STAGE] rows=250
2025-09-30 17:01:43,229 | INFO | core.transforms.process_master | [APP] rows=50
2025-09-30 17:01:43,254 | WARNING | core.transforms.validate | [VALIDATE] Differences detected vs golden.
2025-09-30 17:01:43,686 | INFO | core.io.writers | [PUBLISH] Saved -> /content/drive/MyDrive/data sets/output_stage_master.csv
2025-09-30 17:01:44,751 | INFO | core.io.writers | [PUBLISH] Saved -> /content/drive/MyDrive/data sets/output_application_master.csv
2025-09-30 17:01:44,777 | INFO | __main__ | [RUN] events_project01 finished.
2025-09-30 17:02:21,930 | INFO | pipelines.events_project01 | [RUN] events_project01 starting…
2025-09-30 17:02:21,954 | INFO | core.io.loaders | [INGEST] Loaded data/raw/credit_card_process_activities.csv rows=600 cols=43
2025-09-30 17:02:21,960 | INFO | pipelines.events_project01 | [INGEST] raw rows=600 cols=43
2025-09-30 17:02:21,967 | WARNING | core.quality.dq_checks | [DQ] Issues detected: {'nulls': {'Dedupe_Flag': 218, 'Dedupe_Match_Type': 189, 'Existing_Record_Flag': 197, 'Fraud_Flag': 210, 'Exception_Flag': 202, 'Employment_Verified': 197, 'Income_Verified': 202, 'Address_Verified': 202, 'Escalation_Required': 210, 'Documents_Collected_Flag': 185, 'Welcome_Kit_Sent': 205}}
2025-09-30 17:02:21,975 | INFO | pipelines.events_project01 | [CLASSIFY] events=600 journeys=50
2025-09-30 17:02:22,013 | INFO | core.classes.activity_processor | [SUMMARY] journey=APP001 events=12 steps_seen=5 issues_from_events=0
2025-09-30 17:02:22,013 | INFO | core.classes.activity_processor | [PROCESS] journey=APP001 rows=12 committed.
2025-09-30 17:02:22,035 | INFO | core.classes.activity_processor | [SUMMARY] journey=APP002 events=12 steps_seen=5 issues_from_events=0
2025-09-30 17:02:22,035 | INFO | core.classes.activity_processor | [PROCESS] journey=APP002 rows=12 committed.
2025-09-30 17:02:22,060 | INFO | core.classes.activity_processor | [SUMMARY] journey=APP003 events=12 steps_seen=5 issues_from_events=0
2025-09-30 17:02:22,060 | INFO | core.classes.activity_processor | [PROCESS] journey=APP003 rows=12 committed.
2025-09-30 17:02:22,081 | INFO | core.classes.activity_processor | [SUMMARY] journey=APP004 events=12 steps_seen=5 issues_from_events=0
2025-09-30 17:02:22,081 | INFO | core.classes.activity_processor | [PROCESS] journey=APP004 rows=12 committed.
2025-09-30 17:02:22,108 | INFO | core.classes.activity_processor | [SUMMARY] journey=APP005 events=12 steps_seen=5 issues_from_events=0
2025-09-30 17:02:22,108 | INFO | core.classes.activity_processor | [PROCESS] journey=APP005 rows=12 committed.
2025-09-30 17:02:22,131 | INFO | core.classes.activity_processor | [SUMMARY] journey=APP006 events=12 steps_seen=5 issues_from_events=0
2025-09-30 17:02:22,131 | INFO | core.classes.activity_processor | [PROCESS] journey=APP006 rows=12 committed.
2025-09-30 17:02:22,152 | INFO | core.classes.activity_processor | [SUMMARY] journey=APP007 events=12 steps_seen=5 issues_from_events=0
2025-09-30 17:02:22,153 | INFO | core.classes.activity_processor | [PROCESS] journey=APP007 rows=12 committed.
2025-09-30 17:02:22,177 | INFO | core.classes.activity_processor | [SUMMARY] journey=APP008 events=12 steps_seen=5 issues_from_events=0
2025-09-30 17:02:22,177 | INFO | core.classes.activity_processor | [PROCESS] journey=APP008 rows=12 committed.
2025-09-30 17:02:22,199 | INFO | core.classes.activity_processor | [SUMMARY] journey=APP009 events=12 steps_seen=5 issues_from_events=0
2025-09-30 17:02:22,199 | INFO | core.classes.activity_processor | [PROCESS] journey=APP009 rows=12 committed.
2025-09-30 17:02:22,225 | INFO | core.classes.activity_processor | [SUMMARY] journey=APP010 events=12 steps_seen=5 issues_from_events=0
2025-09-30 17:02:22,226 | INFO | core.classes.activity_processor | [PROCESS] journey=APP010 rows=12 committed.
2025-09-30 17:02:22,249 | INFO | core.classes.activity_processor | [SUMMARY] journey=APP011 events=12 steps_seen=5 issues_from_events=0
2025-09-30 17:02:22,249 | INFO | core.classes.activity_processor | [PROCESS] journey=APP011 rows=12 committed.
2025-09-30 17:02:22,271 | INFO | core.classes.activity_processor | [SUMMARY] journey=APP012 events=12 steps_seen=5 issues_from_events=0
2025-09-30 17:02:22,271 | INFO | core.classes.activity_processor | [PROCESS] journey=APP012 rows=12 committed.
2025-09-30 17:02:22,295 | INFO | core.classes.activity_processor | [SUMMARY] journey=APP013 events=12 steps_seen=5 issues_from_events=0
2025-09-30 17:02:22,295 | INFO | core.classes.activity_processor | [PROCESS] journey=APP013 rows=12 committed.
2025-09-30 17:02:22,319 | INFO | core.classes.activity_processor | [SUMMARY] journey=APP014 events=12 steps_seen=5 issues_from_events=0
2025-09-30 17:02:22,319 | INFO | core.classes.activity_processor | [PROCESS] journey=APP014 rows=12 committed.
2025-09-30 17:02:22,342 | INFO | core.classes.activity_processor | [SUMMARY] journey=APP015 events=12 steps_seen=5 issues_from_events=0
2025-09-30 17:02:22,343 | INFO | core.classes.activity_processor | [PROCESS] journey=APP015 rows=12 committed.
2025-09-30 17:02:22,364 | INFO | core.classes.activity_processor | [SUMMARY] journey=APP016 events=12 steps_seen=5 issues_from_events=0
2025-09-30 17:02:22,365 | INFO | core.classes.activity_processor | [PROCESS] journey=APP016 rows=12 committed.
2025-09-30 17:02:22,387 | INFO | core.classes.activity_processor | [SUMMARY] journey=APP017 events=12 steps_seen=5 issues_from_events=0
2025-09-30 17:02:22,387 | INFO | core.classes.activity_processor | [PROCESS] journey=APP017 rows=12 committed.
2025-09-30 17:02:22,414 | INFO | core.classes.activity_processor | [SUMMARY] journey=APP018 events=12 steps_seen=5 issues_from_events=0
2025-09-30 17:02:22,414 | INFO | core.classes.activity_processor | [PROCESS] journey=APP018 rows=12 committed.
2025-09-30 17:02:22,436 | INFO | core.classes.activity_processor | [SUMMARY] journey=APP019 events=12 steps_seen=5 issues_from_events=0
2025-09-30 17:02:22,436 | INFO | core.classes.activity_processor | [PROCESS] journey=APP019 rows=12 committed.
2025-09-30 17:02:22,463 | INFO | core.classes.activity_processor | [SUMMARY] journey=APP020 events=12 steps_seen=5 issues_from_events=0
2025-09-30 17:02:22,463 | INFO | core.classes.activity_processor | [PROCESS] journey=APP020 rows=12 committed.
2025-09-30 17:02:22,488 | INFO | core.classes.activity_processor | [SUMMARY] journey=APP021 events=12 steps_seen=5 issues_from_events=0
2025-09-30 17:02:22,488 | INFO | core.classes.activity_processor | [PROCESS] journey=APP021 rows=12 committed.
2025-09-30 17:02:22,510 | INFO | core.classes.activity_processor | [SUMMARY] journey=APP022 events=12 steps_seen=5 issues_from_events=0
2025-09-30 17:02:22,510 | INFO | core.classes.activity_processor | [PROCESS] journey=APP022 rows=12 committed.
2025-09-30 17:02:22,535 | INFO | core.classes.activity_processor | [SUMMARY] journey=APP023 events=12 steps_seen=5 issues_from_events=0
2025-09-30 17:02:22,535 | INFO | core.classes.activity_processor | [PROCESS] journey=APP023 rows=12 committed.
2025-09-30 17:02:22,561 | INFO | core.classes.activity_processor | [SUMMARY] journey=APP024 events=12 steps_seen=5 issues_from_events=0
2025-09-30 17:02:22,561 | INFO | core.classes.activity_processor | [PROCESS] journey=APP024 rows=12 committed.
2025-09-30 17:02:22,593 | INFO | core.classes.activity_processor | [SUMMARY] journey=APP025 events=12 steps_seen=5 issues_from_events=0
2025-09-30 17:02:22,593 | INFO | core.classes.activity_processor | [PROCESS] journey=APP025 rows=12 committed.
2025-09-30 17:02:22,620 | INFO | core.classes.activity_processor | [SUMMARY] journey=APP026 events=12 steps_seen=5 issues_from_events=0
2025-09-30 17:02:22,620 | INFO | core.classes.activity_processor | [PROCESS] journey=APP026 rows=12 committed.
2025-09-30 17:02:22,642 | INFO | core.classes.activity_processor | [SUMMARY] journey=APP027 events=12 steps_seen=5 issues_from_events=0
2025-09-30 17:02:22,642 | INFO | core.classes.activity_processor | [PROCESS] journey=APP027 rows=12 committed.
2025-09-30 17:02:22,665 | INFO | core.classes.activity_processor | [SUMMARY] journey=APP028 events=12 steps_seen=5 issues_from_events=0
2025-09-30 17:02:22,665 | INFO | core.classes.activity_processor | [PROCESS] journey=APP028 rows=12 committed.
2025-09-30 17:02:22,688 | INFO | core.classes.activity_processor | [SUMMARY] journey=APP029 events=12 steps_seen=5 issues_from_events=0
2025-09-30 17:02:22,688 | INFO | core.classes.activity_processor | [PROCESS] journey=APP029 rows=12 committed.
2025-09-30 17:02:22,714 | INFO | core.classes.activity_processor | [SUMMARY] journey=APP030 events=12 steps_seen=5 issues_from_events=0
2025-09-30 17:02:22,714 | INFO | core.classes.activity_processor | [PROCESS] journey=APP030 rows=12 committed.
2025-09-30 17:02:22,736 | INFO | core.classes.activity_processor | [SUMMARY] journey=APP031 events=12 steps_seen=5 issues_from_events=0
2025-09-30 17:02:22,736 | INFO | core.classes.activity_processor | [PROCESS] journey=APP031 rows=12 committed.
2025-09-30 17:02:22,758 | INFO | core.classes.activity_processor | [SUMMARY] journey=APP032 events=12 steps_seen=5 issues_from_events=0
2025-09-30 17:02:22,758 | INFO | core.classes.activity_processor | [PROCESS] journey=APP032 rows=12 committed.
2025-09-30 17:02:22,783 | INFO | core.classes.activity_processor | [SUMMARY] journey=APP033 events=12 steps_seen=5 issues_from_events=0
2025-09-30 17:02:22,783 | INFO | core.classes.activity_processor | [PROCESS] journey=APP033 rows=12 committed.
2025-09-30 17:02:22,805 | INFO | core.classes.activity_processor | [SUMMARY] journey=APP034 events=12 steps_seen=5 issues_from_events=0
2025-09-30 17:02:22,805 | INFO | core.classes.activity_processor | [PROCESS] journey=APP034 rows=12 committed.
2025-09-30 17:02:22,829 | INFO | core.classes.activity_processor | [SUMMARY] journey=APP035 events=12 steps_seen=5 issues_from_events=0
2025-09-30 17:02:22,829 | INFO | core.classes.activity_processor | [PROCESS] journey=APP035 rows=12 committed.
2025-09-30 17:02:22,851 | INFO | core.classes.activity_processor | [SUMMARY] journey=APP036 events=12 steps_seen=5 issues_from_events=0
2025-09-30 17:02:22,851 | INFO | core.classes.activity_processor | [PROCESS] journey=APP036 rows=12 committed.
2025-09-30 17:02:22,874 | INFO | core.classes.activity_processor | [SUMMARY] journey=APP037 events=12 steps_seen=5 issues_from_events=0
2025-09-30 17:02:22,874 | INFO | core.classes.activity_processor | [PROCESS] journey=APP037 rows=12 committed.
2025-09-30 17:02:22,898 | INFO | core.classes.activity_processor | [SUMMARY] journey=APP038 events=12 steps_seen=5 issues_from_events=0
2025-09-30 17:02:22,899 | INFO | core.classes.activity_processor | [PROCESS] journey=APP038 rows=12 committed.
2025-09-30 17:02:22,922 | INFO | core.classes.activity_processor | [SUMMARY] journey=APP039 events=12 steps_seen=5 issues_from_events=0
2025-09-30 17:02:22,922 | INFO | core.classes.activity_processor | [PROCESS] journey=APP039 rows=12 committed.
2025-09-30 17:02:22,947 | INFO | core.classes.activity_processor | [SUMMARY] journey=APP040 events=12 steps_seen=5 issues_from_events=0
2025-09-30 17:02:22,947 | INFO | core.classes.activity_processor | [PROCESS] journey=APP040 rows=12 committed.
2025-09-30 17:02:22,970 | INFO | core.classes.activity_processor | [SUMMARY] journey=APP041 events=12 steps_seen=5 issues_from_events=0
2025-09-30 17:02:22,970 | INFO | core.classes.activity_processor | [PROCESS] journey=APP041 rows=12 committed.
2025-09-30 17:02:22,993 | INFO | core.classes.activity_processor | [SUMMARY] journey=APP042 events=12 steps_seen=5 issues_from_events=0
2025-09-30 17:02:22,993 | INFO | core.classes.activity_processor | [PROCESS] journey=APP042 rows=12 committed.
2025-09-30 17:02:23,016 | INFO | core.classes.activity_processor | [SUMMARY] journey=APP043 events=12 steps_seen=5 issues_from_events=0
2025-09-30 17:02:23,017 | INFO | core.classes.activity_processor | [PROCESS] journey=APP043 rows=12 committed.
2025-09-30 17:02:23,041 | INFO | core.classes.activity_processor | [SUMMARY] journey=APP044 events=12 steps_seen=5 issues_from_events=0
2025-09-30 17:02:23,041 | INFO | core.classes.activity_processor | [PROCESS] journey=APP044 rows=12 committed.
2025-09-30 17:02:23,066 | INFO | core.classes.activity_processor | [SUMMARY] journey=APP045 events=12 steps_seen=5 issues_from_events=0
2025-09-30 17:02:23,066 | INFO | core.classes.activity_processor | [PROCESS] journey=APP045 rows=12 committed.
2025-09-30 17:02:23,091 | INFO | core.classes.activity_processor | [SUMMARY] journey=APP046 events=12 steps_seen=5 issues_from_events=0
2025-09-30 17:02:23,091 | INFO | core.classes.activity_processor | [PROCESS] journey=APP046 rows=12 committed.
2025-09-30 17:02:23,115 | INFO | core.classes.activity_processor | [SUMMARY] journey=APP047 events=12 steps_seen=5 issues_from_events=0
2025-09-30 17:02:23,115 | INFO | core.classes.activity_processor | [PROCESS] journey=APP047 rows=12 committed.
2025-09-30 17:02:23,140 | INFO | core.classes.activity_processor | [SUMMARY] journey=APP048 events=12 steps_seen=5 issues_from_events=0
2025-09-30 17:02:23,140 | INFO | core.classes.activity_processor | [PROCESS] journey=APP048 rows=12 committed.
2025-09-30 17:02:23,161 | INFO | core.classes.activity_processor | [SUMMARY] journey=APP049 events=12 steps_seen=5 issues_from_events=0
2025-09-30 17:02:23,162 | INFO | core.classes.activity_processor | [PROCESS] journey=APP049 rows=12 committed.
2025-09-30 17:02:23,185 | INFO | core.classes.activity_processor | [SUMMARY] journey=APP050 events=12 steps_seen=5 issues_from_events=0
2025-09-30 17:02:23,185 | INFO | core.classes.activity_processor | [PROCESS] journey=APP050 rows=12 committed.
2025-09-30 17:02:23,463 | INFO | core.transforms.process_master | [STAGE] rows=250
2025-09-30 17:02:23,493 | INFO | core.transforms.process_master | [APP] rows=50
2025-09-30 17:02:23,515 | WARNING | core.transforms.validate | [VALIDATE] Differences detected vs golden.
2025-09-30 17:02:23,527 | INFO | core.io.writers | [PUBLISH] Saved -> /content/drive/MyDrive/data sets/output_stage_master.csv
2025-09-30 17:02:23,536 | INFO | core.io.writers | [PUBLISH] Saved -> /content/drive/MyDrive/data sets/output_application_master.csv
2025-09-30 17:02:23,558 | INFO | pipelines.events_project01 | [RUN] events_project01 finished.
2025-10-02 11:54:12,392 | INFO | __main__ | Starting app (ENV=default)
2025-10-02 11:54:13,471 | INFO | __main__ | DB initialized url=sqlite:///data/app.db echo=False
2025-10-02 11:55:41,398 | INFO | __main__ | Starting app (ENV=default)
2025-10-02 11:55:41,427 | INFO | __main__ | DB initialized url=sqlite:///data/app.db echo=False
2025-10-02 12:44:39,720 | INFO | core.io.loaders | [INGEST] Loaded data/raw/credit_card_process_activities.csv rows=600 cols=43
2025-10-02 12:46:22,327 | INFO | core.io.loaders | [INGEST] Loaded data/raw/credit_card_process_activities.csv rows=600 cols=43
2025-10-02 12:48:16,785 | INFO | core.io.loaders | [INGEST] Loaded data/raw/credit_card_process_activities.csv rows=600 cols=43
2025-10-02 12:48:35,378 | INFO | core.io.loaders | [INGEST] Loaded data/raw/credit_card_process_activities.csv rows=600 cols=43
2025-10-02 12:51:14,668 | INFO | core.io.loaders | [INGEST] Loaded data/raw/credit_card_process_activities.csv rows=600 cols=43
2025-10-02 15:25:14,951 | INFO | core.io.loaders | [INGEST] Loaded data/raw/credit_card_process_activities.csv rows=600 cols=43
2025-10-02 15:28:03,770 | INFO | __main__ | Starting app (ENV=default)
2025-10-02 15:28:03,793 | INFO | __main__ | DB initialized url=sqlite:///data/app.db echo=False
2025-10-02 15:28:33,856 | INFO | core.io.loaders | [INGEST] Loaded data/raw/credit_card_process_activities.csv rows=600 cols=43
2025-10-02 15:31:13,846 | INFO | core.io.loaders | [INGEST] Loaded data/raw/credit_card_process_activities.csv rows=600 cols=43
2025-10-02 15:31:43,368 | INFO | __main__ | Starting app (ENV=default)
2025-10-02 15:31:43,393 | INFO | __main__ | DB initialized url=sqlite:///data/app.db echo=False
2025-10-02 15:32:08,933 | INFO | core.io.loaders | [INGEST] Loaded data/raw/credit_card_process_activities.csv rows=600 cols=43
2025-10-02 15:46:04,133 | INFO | core.io.loaders | [INGEST] Loaded data/raw/credit_card_process_activities.csv rows=600 cols=43
2025-10-02 15:47:06,717 | INFO | pipelines.master_workflow | [INGEST] records=[]
2025-10-02 15:49:15,940 | INFO | core.io.loaders | [INGEST] Loaded data/raw/credit_card_process_activities.csv rows=600 cols=43
2025-10-02 15:49:15,966 | INFO | pipelines.master_workflow | [INGEST] records=[]
2025-10-02 15:50:03,093 | INFO | core.io.loaders | [INGEST] Loaded data/raw/credit_card_process_activities.csv rows=600 cols=43
2025-10-02 15:50:15,127 | INFO | core.io.loaders | [INGEST] Loaded data/raw/credit_card_process_activities.csv rows=600 cols=43
2025-10-02 15:50:15,152 | INFO | pipelines.master_workflow | [INGEST] records=[]
2025-10-02 15:51:42,315 | INFO | core.io.loaders | [INGEST] Loaded data/raw/credit_card_process_activities.csv rows=600 cols=43
2025-10-02 15:51:42,339 | INFO | pipelines.master_workflow | [INGEST] records=[]
2025-10-02 15:52:25,665 | INFO | pipelines.master_workflow | [INGEST] records=[]
2025-10-02 18:01:53,639 | INFO | core.io.loaders | [INGEST] Loaded data/raw/credit_card_process_activities.csv rows=600 cols=43
2025-10-02 18:01:53,672 | INFO | pipelines.master_workflow | [INGEST] records=[]
2025-10-02 18:02:01,567 | INFO | core.io.loaders | [INGEST] Loaded data/raw/credit_card_process_activities.csv rows=600 cols=43
2025-10-02 18:02:01,694 | INFO | core.io.loaders | [INGEST] Loaded data/raw/credit_card_process_activities.csv rows=600 cols=43
2025-10-02 18:02:09,819 | INFO | pipelines.master_workflow | [INGEST] records=[]
2025-10-02 18:07:13,740 | INFO | core.io.loaders | [INGEST] Loaded data/raw/credit_card_process_activities.csv rows=600 cols=43
2025-10-02 18:07:13,764 | INFO | pipelines.master_workflow | [INGEST] records=[]
2025-10-02 18:07:58,248 | INFO | core.io.loaders | [INGEST] Loaded data/raw/credit_card_process_activities.csv rows=600 cols=43
2025-10-02 18:08:04,862 | INFO | pipelines.master_workflow | [INGEST] records=[]
2025-10-02 18:09:50,807 | INFO | core.io.loaders | [INGEST] Loaded data/raw/credit_card_process_activities.csv rows=600 cols=43
2025-10-02 18:10:27,548 | INFO | core.io.loaders | [INGEST] Loaded data/raw/credit_card_process_activities.csv rows=600 cols=43
2025-10-02 18:12:07,277 | INFO | core.io.loaders | [INGEST] Loaded data/raw/credit_card_process_activities.csv rows=600 cols=43
2025-10-02 18:17:15,564 | INFO | core.io.loaders | [INGEST] Loaded data/raw/credit_card_process_activities.csv rows=600 cols=43
2025-10-03 09:19:20,881 | INFO | core.io.loaders | [INGEST] Loaded data/raw/credit_card_process_activities.csv rows=600 cols=43
2025-10-03 15:01:34,669 | INFO | core.io.loaders | [INGEST] Loaded data/raw/credit_card_process_activities.csv rows=600 cols=43
2025-10-03 15:03:10,942 | INFO | core.io.loaders | [INGEST] Loaded data/raw/credit_card_process_activities.csv rows=600 cols=43
2025-10-03 15:07:27,726 | INFO | core.io.loaders | [INGEST] Loaded data/raw/credit_card_process_activities.csv rows=600 cols=43
2025-10-03 15:08:01,347 | INFO | core.io.loaders | [INGEST] Loaded data/raw/credit_card_process_activities.csv rows=600 cols=43
2025-10-03 15:13:49,251 | INFO | core.io.loaders | [INGEST] Loaded data/raw/credit_card_process_activities.csv rows=600 cols=43
2025-10-03 15:18:11,152 | INFO | core.io.loaders | [INGEST] Loaded data/raw/credit_card_process_activities.csv rows=600 cols=43
2025-10-03 15:19:19,768 | INFO | core.io.loaders | [INGEST] Loaded data/raw/credit_card_process_activities.csv rows=600 cols=43
2025-10-03 15:19:45,222 | INFO | core.io.loaders | [INGEST] Loaded data/raw/credit_card_process_activities.csv rows=600 cols=43
2025-10-03 15:25:14,327 | INFO | core.io.loaders | [INGEST] Loaded data/raw/credit_card_process_activities.csv rows=600 cols=43
2025-10-03 15:26:03,007 | INFO | core.io.loaders | [INGEST] Loaded data/raw/credit_card_process_activities.csv rows=600 cols=43
2025-10-03 15:29:30,925 | INFO | core.io.loaders | [INGEST] Loaded data/raw/credit_card_process_activities.csv rows=600 cols=43
2025-10-03 15:30:50,754 | INFO | core.io.loaders | [INGEST] Loaded data/raw/credit_card_process_activities.csv rows=600 cols=43
2025-10-03 15:31:16,802 | INFO | core.io.loaders | [INGEST] Loaded data/raw/credit_card_process_activities.csv rows=600 cols=43
2025-10-03 15:31:16,871 | INFO | pipelines.master_workflow | [info] records=     Activity_ID Application_ID Product_Type    Channel         Stage  \
0              1         APP001  Credit Card  TeleSales      Sourcing   
1              2         APP001  Credit Card  TeleSales      Sourcing   
2              3         APP001  Credit Card  TeleSales        Dedupe   
3              4         APP001  Credit Card  TeleSales        Dedupe   
4              5         APP001  Credit Card  TeleSales  Underwriting   
..           ...            ...          ...        ...           ...   
595          596         APP050         Loan  TeleSales          PDOC   
596          597         APP050         Loan  TeleSales          PDOC   
597          598         APP050         Loan  TeleSales            DI   
598          599         APP050         Loan  TeleSales            DI   
599          600         APP050         Loan  TeleSales            DI   

           Activity_Type  Activity_Timestamp Performed_By  \
0              Submitted 2025-09-09 10:46:00  Third Party   
1               Reviewed 2025-09-09 13:10:00         Auto   
2                Checked 2025-09-09 16:33:00       Team A   
3                Flagged 2025-09-09 20:00:00         Auto   
4     Verified Documents 2025-09-09 21:08:00       Team A   
..                   ...                 ...          ...   
595  Documents Collected 2025-09-10 22:53:00       Team A   
596        PDOC Reviewed 2025-09-11 00:55:00         Auto   
597            Disbursed 2025-09-11 02:27:00       Team A   
598            Activated 2025-09-11 03:21:00  Third Party   
599     Welcome Kit Sent 2025-09-11 04:10:00       System   

    Status_After_Activity                            Activity_Notes  ...  \
0                 On Hold               Submitted done for Sourcing  ...   
1                 On Hold                Reviewed done for Sourcing  ...   
2                 Pending                   Checked done for Dedupe  ...   
3                 On Hold                   Flagged done for Dedupe  ...   
4                 Pending  Verified Documents done for Underwriting  ...   
..                    ...                                       ...  ...   
595               On Hold         Documents Collected done for PDOC  ...   
596             Escalated               PDOC Reviewed done for PDOC  ...   
597              Approved                     Disbursed done for DI  ...   
598               On Hold                     Activated done for DI  ...   
599               On Hold              Welcome Kit Sent done for DI  ...   

               DI_Notes Stage_Start_Timestamp Stage_End_Timestamp  \
0    DI note for APP001   2025-09-09 07:00:00 2025-09-09 10:46:00   
1    DI note for APP001   2025-09-09 11:20:00 2025-09-09 13:10:00   
2    DI note for APP001   2025-09-09 14:06:00 2025-09-09 16:33:00   
3    DI note for APP001   2025-09-09 16:58:00 2025-09-09 20:00:00   
4    DI note for APP001   2025-09-09 20:32:00 2025-09-09 21:08:00   
..                  ...                   ...                 ...   
595  DI note for APP050   2025-09-10 21:43:00 2025-09-10 22:53:00   
596  DI note for APP050   2025-09-10 23:42:00 2025-09-11 00:55:00   
597  DI note for APP050   2025-09-11 01:07:00 2025-09-11 02:27:00   
598  DI note for APP050   2025-09-11 02:36:00 2025-09-11 03:21:00   
599  DI note for APP050   2025-09-11 03:59:00 2025-09-11 04:10:00   

    Stage_Duration_Minutes Total_Processing_Days SLA_Met  Last_Modified_By  \
0                      226                     6     Yes            System   
1                      110                     7     Yes            Team A   
2                      147                     2     Yes            Team A   
3                      182                     9      No            System   
4                       36                     1     Yes            Team B   
..                     ...                   ...     ...               ...   
595                     70                     9     Yes            System   
596                     73                     3     Yes            Team A   
597                     80                    10      No            Team B   
598                     45                     8      No            System   
599                     11                     8      No            Team B   

    Last_Modified_Timestamp            Escalation_Notes QA_Check_Flag  
0          2025-09-09 10:46  Escalation note for APP001           Yes  
1          2025-09-09 13:10  Escalation note for APP001           Yes  
2          2025-09-09 16:33  Escalation note for APP001           Yes  
3          2025-09-09 20:00  Escalation note for APP001            No  
4          2025-09-09 21:08  Escalation note for APP001           Yes  
..                      ...                         ...           ...  
595        2025-09-10 22:53  Escalation note for APP050            No  
596        2025-09-11 00:55  Escalation note for APP050            No  
597        2025-09-11 02:27  Escalation note for APP050           Yes  
598        2025-09-11 03:21  Escalation note for APP050           Yes  
599        2025-09-11 04:10  Escalation note for APP050           Yes  

[600 rows x 43 columns]
2025-10-03 15:35:05,910 | INFO | core.io.loaders | [INGEST] Loaded data/raw/credit_card_process_activities.csv rows=600 cols=43
2025-10-03 15:35:05,974 | INFO | pipelines.master_workflow | [info] records=     Activity_ID Application_ID Product_Type    Channel         Stage  \
0              1         APP001  Credit Card  TeleSales      Sourcing   
1              2         APP001  Credit Card  TeleSales      Sourcing   
2              3         APP001  Credit Card  TeleSales        Dedupe   
3              4         APP001  Credit Card  TeleSales        Dedupe   
4              5         APP001  Credit Card  TeleSales  Underwriting   
..           ...            ...          ...        ...           ...   
595          596         APP050         Loan  TeleSales          PDOC   
596          597         APP050         Loan  TeleSales          PDOC   
597          598         APP050         Loan  TeleSales            DI   
598          599         APP050         Loan  TeleSales            DI   
599          600         APP050         Loan  TeleSales            DI   

           Activity_Type  Activity_Timestamp Performed_By  \
0              Submitted 2025-09-09 10:46:00  Third Party   
1               Reviewed 2025-09-09 13:10:00         Auto   
2                Checked 2025-09-09 16:33:00       Team A   
3                Flagged 2025-09-09 20:00:00         Auto   
4     Verified Documents 2025-09-09 21:08:00       Team A   
..                   ...                 ...          ...   
595  Documents Collected 2025-09-10 22:53:00       Team A   
596        PDOC Reviewed 2025-09-11 00:55:00         Auto   
597            Disbursed 2025-09-11 02:27:00       Team A   
598            Activated 2025-09-11 03:21:00  Third Party   
599     Welcome Kit Sent 2025-09-11 04:10:00       System   

    Status_After_Activity                            Activity_Notes  ...  \
0                 On Hold               Submitted done for Sourcing  ...   
1                 On Hold                Reviewed done for Sourcing  ...   
2                 Pending                   Checked done for Dedupe  ...   
3                 On Hold                   Flagged done for Dedupe  ...   
4                 Pending  Verified Documents done for Underwriting  ...   
..                    ...                                       ...  ...   
595               On Hold         Documents Collected done for PDOC  ...   
596             Escalated               PDOC Reviewed done for PDOC  ...   
597              Approved                     Disbursed done for DI  ...   
598               On Hold                     Activated done for DI  ...   
599               On Hold              Welcome Kit Sent done for DI  ...   

               DI_Notes Stage_Start_Timestamp Stage_End_Timestamp  \
0    DI note for APP001   2025-09-09 07:00:00 2025-09-09 10:46:00   
1    DI note for APP001   2025-09-09 11:20:00 2025-09-09 13:10:00   
2    DI note for APP001   2025-09-09 14:06:00 2025-09-09 16:33:00   
3    DI note for APP001   2025-09-09 16:58:00 2025-09-09 20:00:00   
4    DI note for APP001   2025-09-09 20:32:00 2025-09-09 21:08:00   
..                  ...                   ...                 ...   
595  DI note for APP050   2025-09-10 21:43:00 2025-09-10 22:53:00   
596  DI note for APP050   2025-09-10 23:42:00 2025-09-11 00:55:00   
597  DI note for APP050   2025-09-11 01:07:00 2025-09-11 02:27:00   
598  DI note for APP050   2025-09-11 02:36:00 2025-09-11 03:21:00   
599  DI note for APP050   2025-09-11 03:59:00 2025-09-11 04:10:00   

    Stage_Duration_Minutes Total_Processing_Days SLA_Met  Last_Modified_By  \
0                      226                     6     Yes            System   
1                      110                     7     Yes            Team A   
2                      147                     2     Yes            Team A   
3                      182                     9      No            System   
4                       36                     1     Yes            Team B   
..                     ...                   ...     ...               ...   
595                     70                     9     Yes            System   
596                     73                     3     Yes            Team A   
597                     80                    10      No            Team B   
598                     45                     8      No            System   
599                     11                     8      No            Team B   

    Last_Modified_Timestamp            Escalation_Notes QA_Check_Flag  
0          2025-09-09 10:46  Escalation note for APP001           Yes  
1          2025-09-09 13:10  Escalation note for APP001           Yes  
2          2025-09-09 16:33  Escalation note for APP001           Yes  
3          2025-09-09 20:00  Escalation note for APP001            No  
4          2025-09-09 21:08  Escalation note for APP001           Yes  
..                      ...                         ...           ...  
595        2025-09-10 22:53  Escalation note for APP050            No  
596        2025-09-11 00:55  Escalation note for APP050            No  
597        2025-09-11 02:27  Escalation note for APP050           Yes  
598        2025-09-11 03:21  Escalation note for APP050           Yes  
599        2025-09-11 04:10  Escalation note for APP050           Yes  

[600 rows x 43 columns]
2025-10-03 15:36:22,263 | INFO | core.io.loaders | [INGEST] Loaded data/raw/credit_card_process_activities.csv rows=600 cols=43
2025-10-03 15:36:22,323 | INFO | pipelines.master_workflow | [info] records=     Activity_ID Application_ID Product_Type    Channel         Stage  \
0              1         APP001  Credit Card  TeleSales      Sourcing   
1              2         APP001  Credit Card  TeleSales      Sourcing   
2              3         APP001  Credit Card  TeleSales        Dedupe   
3              4         APP001  Credit Card  TeleSales        Dedupe   
4              5         APP001  Credit Card  TeleSales  Underwriting   
..           ...            ...          ...        ...           ...   
595          596         APP050         Loan  TeleSales          PDOC   
596          597         APP050         Loan  TeleSales          PDOC   
597          598         APP050         Loan  TeleSales            DI   
598          599         APP050         Loan  TeleSales            DI   
599          600         APP050         Loan  TeleSales            DI   

           Activity_Type  Activity_Timestamp Performed_By  \
0              Submitted 2025-09-09 10:46:00  Third Party   
1               Reviewed 2025-09-09 13:10:00         Auto   
2                Checked 2025-09-09 16:33:00       Team A   
3                Flagged 2025-09-09 20:00:00         Auto   
4     Verified Documents 2025-09-09 21:08:00       Team A   
..                   ...                 ...          ...   
595  Documents Collected 2025-09-10 22:53:00       Team A   
596        PDOC Reviewed 2025-09-11 00:55:00         Auto   
597            Disbursed 2025-09-11 02:27:00       Team A   
598            Activated 2025-09-11 03:21:00  Third Party   
599     Welcome Kit Sent 2025-09-11 04:10:00       System   

    Status_After_Activity                            Activity_Notes  ...  \
0                 On Hold               Submitted done for Sourcing  ...   
1                 On Hold                Reviewed done for Sourcing  ...   
2                 Pending                   Checked done for Dedupe  ...   
3                 On Hold                   Flagged done for Dedupe  ...   
4                 Pending  Verified Documents done for Underwriting  ...   
..                    ...                                       ...  ...   
595               On Hold         Documents Collected done for PDOC  ...   
596             Escalated               PDOC Reviewed done for PDOC  ...   
597              Approved                     Disbursed done for DI  ...   
598               On Hold                     Activated done for DI  ...   
599               On Hold              Welcome Kit Sent done for DI  ...   

               DI_Notes Stage_Start_Timestamp Stage_End_Timestamp  \
0    DI note for APP001   2025-09-09 07:00:00 2025-09-09 10:46:00   
1    DI note for APP001   2025-09-09 11:20:00 2025-09-09 13:10:00   
2    DI note for APP001   2025-09-09 14:06:00 2025-09-09 16:33:00   
3    DI note for APP001   2025-09-09 16:58:00 2025-09-09 20:00:00   
4    DI note for APP001   2025-09-09 20:32:00 2025-09-09 21:08:00   
..                  ...                   ...                 ...   
595  DI note for APP050   2025-09-10 21:43:00 2025-09-10 22:53:00   
596  DI note for APP050   2025-09-10 23:42:00 2025-09-11 00:55:00   
597  DI note for APP050   2025-09-11 01:07:00 2025-09-11 02:27:00   
598  DI note for APP050   2025-09-11 02:36:00 2025-09-11 03:21:00   
599  DI note for APP050   2025-09-11 03:59:00 2025-09-11 04:10:00   

    Stage_Duration_Minutes Total_Processing_Days SLA_Met  Last_Modified_By  \
0                      226                     6     Yes            System   
1                      110                     7     Yes            Team A   
2                      147                     2     Yes            Team A   
3                      182                     9      No            System   
4                       36                     1     Yes            Team B   
..                     ...                   ...     ...               ...   
595                     70                     9     Yes            System   
596                     73                     3     Yes            Team A   
597                     80                    10      No            Team B   
598                     45                     8      No            System   
599                     11                     8      No            Team B   

    Last_Modified_Timestamp            Escalation_Notes QA_Check_Flag  
0          2025-09-09 10:46  Escalation note for APP001           Yes  
1          2025-09-09 13:10  Escalation note for APP001           Yes  
2          2025-09-09 16:33  Escalation note for APP001           Yes  
3          2025-09-09 20:00  Escalation note for APP001            No  
4          2025-09-09 21:08  Escalation note for APP001           Yes  
..                      ...                         ...           ...  
595        2025-09-10 22:53  Escalation note for APP050            No  
596        2025-09-11 00:55  Escalation note for APP050            No  
597        2025-09-11 02:27  Escalation note for APP050           Yes  
598        2025-09-11 03:21  Escalation note for APP050           Yes  
599        2025-09-11 04:10  Escalation note for APP050           Yes  

[600 rows x 43 columns]
2025-10-03 15:37:46,061 | INFO | core.io.loaders | [INGEST] Loaded data/raw/credit_card_process_activities.csv rows=600 cols=43
2025-10-03 15:37:46,110 | INFO | pipelines.master_workflow | [info] columns=Index(['Activity_ID', 'Application_ID', 'Product_Type', 'Channel', 'Stage',
       'Activity_Type', 'Activity_Timestamp', 'Performed_By',
       'Status_After_Activity', 'Activity_Notes', 'Dedupe_Flag',
       'Dedupe_Match_Type', 'Existing_Record_Flag', 'Risk_Grade', 'Fraud_Flag',
       'Exception_Flag', 'Bureau_Score', 'Employment_Verified',
       'Income_Verified', 'Address_Verified', 'KYC_Status', 'UW_Decision',
       'Escalation_Required', 'Underwriting_Notes', 'Documents_Collected_Flag',
       'Missing_Documents_Count', 'PDOC_Status', 'PDOC_Clearance_Date',
       'PDOC_Notes', 'Final_Approved_Limit', 'Disbursement_Date',
       'Activation_Status', 'Welcome_Kit_Sent', 'DI_Notes',
       'Stage_Start_Timestamp', 'Stage_End_Timestamp',
       'Stage_Duration_Minutes', 'Total_Processing_Days', 'SLA_Met',
       'Last_Modified_By', 'Last_Modified_Timestamp', 'Escalation_Notes',
       'QA_Check_Flag'],
      dtype='object')
2025-10-03 15:42:42,398 | INFO | core.io.loaders | [INGEST] Loaded data/raw/credit_card_process_activities.csv rows=600 cols=43
2025-10-03 15:42:42,455 | INFO | pipelines.master_workflow | [info] columns=Index(['Activity_ID', 'Application_ID', 'Product_Type', 'Channel', 'Stage',
       'Activity_Type', 'Activity_Timestamp', 'Performed_By',
       'Status_After_Activity', 'Activity_Notes', 'Dedupe_Flag',
       'Dedupe_Match_Type', 'Existing_Record_Flag', 'Risk_Grade', 'Fraud_Flag',
       'Exception_Flag', 'Bureau_Score', 'Employment_Verified',
       'Income_Verified', 'Address_Verified', 'KYC_Status', 'UW_Decision',
       'Escalation_Required', 'Underwriting_Notes', 'Documents_Collected_Flag',
       'Missing_Documents_Count', 'PDOC_Status', 'PDOC_Clearance_Date',
       'PDOC_Notes', 'Final_Approved_Limit', 'Disbursement_Date',
       'Activation_Status', 'Welcome_Kit_Sent', 'DI_Notes',
       'Stage_Start_Timestamp', 'Stage_End_Timestamp',
       'Stage_Duration_Minutes', 'Total_Processing_Days', 'SLA_Met',
       'Last_Modified_By', 'Last_Modified_Timestamp', 'Escalation_Notes',
       'QA_Check_Flag'],
      dtype='object')
2025-10-03 15:43:30,987 | INFO | core.io.loaders | [INGEST] Loaded data/raw/credit_card_process_activities.csv rows=600 cols=43
2025-10-03 15:43:31,100 | INFO | pipelines.master_workflow | [info] columns=Index(['Activity_ID', 'Application_ID', 'Product_Type', 'Channel', 'Stage',
       'Activity_Type', 'Activity_Timestamp', 'Performed_By',
       'Status_After_Activity', 'Activity_Notes', 'Dedupe_Flag',
       'Dedupe_Match_Type', 'Existing_Record_Flag', 'Risk_Grade', 'Fraud_Flag',
       'Exception_Flag', 'Bureau_Score', 'Employment_Verified',
       'Income_Verified', 'Address_Verified', 'KYC_Status', 'UW_Decision',
       'Escalation_Required', 'Underwriting_Notes', 'Documents_Collected_Flag',
       'Missing_Documents_Count', 'PDOC_Status', 'PDOC_Clearance_Date',
       'PDOC_Notes', 'Final_Approved_Limit', 'Disbursement_Date',
       'Activation_Status', 'Welcome_Kit_Sent', 'DI_Notes',
       'Stage_Start_Timestamp', 'Stage_End_Timestamp',
       'Stage_Duration_Minutes', 'Total_Processing_Days', 'SLA_Met',
       'Last_Modified_By', 'Last_Modified_Timestamp', 'Escalation_Notes',
       'QA_Check_Flag'],
      dtype='object')
2025-10-03 15:45:18,324 | INFO | core.io.loaders | [INGEST] Loaded data/raw/credit_card_process_activities.csv rows=600 cols=43
2025-10-03 15:45:18,381 | INFO | pipelines.master_workflow | [info] columns=Index(['Activity_ID', 'journey_id', 'Product_Type', 'Channel', 'step',
       'Activity_Type', 'Activity_Timestamp', 'Performed_By',
       'Status_After_Activity', 'Activity_Notes', 'Dedupe_Flag',
       'Dedupe_Match_Type', 'Existing_Record_Flag', 'Risk_Grade', 'Fraud_Flag',
       'Exception_Flag', 'Bureau_Score', 'Employment_Verified',
       'Income_Verified', 'Address_Verified', 'KYC_Status', 'UW_Decision',
       'Escalation_Required', 'Underwriting_Notes', 'Documents_Collected_Flag',
       'Missing_Documents_Count', 'PDOC_Status', 'PDOC_Clearance_Date',
       'PDOC_Notes', 'Final_Approved_Limit', 'Disbursement_Date',
       'Activation_Status', 'Welcome_Kit_Sent', 'DI_Notes',
       'Stage_Start_Timestamp', 'Stage_End_Timestamp',
       'Stage_Duration_Minutes', 'Total_Processing_Days', 'SLA_Met',
       'Last_Modified_By', 'Last_Modified_Timestamp', 'Escalation_Notes',
       'QA_Check_Flag'],
      dtype='object')
2025-10-03 16:06:58,459 | INFO | core.io.loaders | [INGEST] Loaded data/raw/credit_card_process_activities.csv rows=600 cols=43
2025-10-03 16:06:58,533 | INFO | pipelines.master_workflow | [info] columns=Index(['Activity_ID', 'journey_id', 'Product_Type', 'Channel', 'step',
       'Activity_Type', 'Activity_Timestamp', 'Performed_By',
       'Status_After_Activity', 'Activity_Notes', 'Dedupe_Flag',
       'Dedupe_Match_Type', 'Existing_Record_Flag', 'Risk_Grade', 'Fraud_Flag',
       'Exception_Flag', 'Bureau_Score', 'Employment_Verified',
       'Income_Verified', 'Address_Verified', 'KYC_Status', 'UW_Decision',
       'Escalation_Required', 'Underwriting_Notes', 'Documents_Collected_Flag',
       'Missing_Documents_Count', 'PDOC_Status', 'PDOC_Clearance_Date',
       'PDOC_Notes', 'Final_Approved_Limit', 'Disbursement_Date',
       'Activation_Status', 'Welcome_Kit_Sent', 'DI_Notes',
       'Stage_Start_Timestamp', 'Stage_End_Timestamp',
       'Stage_Duration_Minutes', 'Total_Processing_Days', 'SLA_Met',
       'Last_Modified_By', 'Last_Modified_Timestamp', 'Escalation_Notes',
       'QA_Check_Flag'],
      dtype='object')
2025-10-03 16:08:42,733 | INFO | core.io.loaders | [INGEST] Loaded data/raw/credit_card_process_activities.csv rows=600 cols=43
2025-10-03 16:09:03,368 | INFO | core.io.loaders | [INGEST] Loaded data/raw/credit_card_process_activities.csv rows=600 cols=43
2025-10-03 16:09:03,427 | INFO | pipelines.master_workflow | [info] columns=Index(['Activity_ID', 'journey_id', 'Product_Type', 'Channel', 'step',
       'Activity_Type', 'Activity_Timestamp', 'Performed_By',
       'Status_After_Activity', 'Activity_Notes', 'Dedupe_Flag',
       'Dedupe_Match_Type', 'Existing_Record_Flag', 'Risk_Grade', 'Fraud_Flag',
       'Exception_Flag', 'Bureau_Score', 'Employment_Verified',
       'Income_Verified', 'Address_Verified', 'KYC_Status', 'UW_Decision',
       'Escalation_Required', 'Underwriting_Notes', 'Documents_Collected_Flag',
       'Missing_Documents_Count', 'PDOC_Status', 'PDOC_Clearance_Date',
       'PDOC_Notes', 'Final_Approved_Limit', 'Disbursement_Date',
       'Activation_Status', 'Welcome_Kit_Sent', 'DI_Notes',
       'Stage_Start_Timestamp', 'Stage_End_Timestamp',
       'Stage_Duration_Minutes', 'Total_Processing_Days', 'SLA_Met',
       'Last_Modified_By', 'Last_Modified_Timestamp', 'Escalation_Notes',
       'QA_Check_Flag'],
      dtype='object')
2025-10-03 16:09:50,588 | INFO | core.io.loaders | [INGEST] Loaded data/raw/credit_card_process_activities.csv rows=600 cols=43
2025-10-03 16:09:50,639 | INFO | pipelines.master_workflow | [info] columns=Index(['Activity_ID', 'journey_id', 'Product_Type', 'Channel', 'step',
       'Activity_Type', 'Activity_Timestamp', 'Performed_By',
       'Status_After_Activity', 'Activity_Notes', 'Dedupe_Flag',
       'Dedupe_Match_Type', 'Existing_Record_Flag', 'Risk_Grade', 'Fraud_Flag',
       'Exception_Flag', 'Bureau_Score', 'Employment_Verified',
       'Income_Verified', 'Address_Verified', 'KYC_Status', 'UW_Decision',
       'Escalation_Required', 'Underwriting_Notes', 'Documents_Collected_Flag',
       'Missing_Documents_Count', 'PDOC_Status', 'PDOC_Clearance_Date',
       'PDOC_Notes', 'Final_Approved_Limit', 'Disbursement_Date',
       'Activation_Status', 'Welcome_Kit_Sent', 'DI_Notes',
       'Stage_Start_Timestamp', 'Stage_End_Timestamp',
       'Stage_Duration_Minutes', 'Total_Processing_Days', 'SLA_Met',
       'Last_Modified_By', 'Last_Modified_Timestamp', 'Escalation_Notes',
       'QA_Check_Flag'],
      dtype='object')
2025-10-03 16:15:46,492 | INFO | core.io.loaders | [INGEST] Loaded data/raw/credit_card_process_activities.csv rows=600 cols=43
2025-10-03 16:15:46,596 | INFO | pipelines.master_workflow | [info] columns=Index(['Activity_ID', 'journey_id', 'Product_Type', 'Channel', 'step',
       'Activity_Type', 'Activity_Timestamp', 'Performed_By',
       'Status_After_Activity', 'Activity_Notes', 'Dedupe_Flag',
       'Dedupe_Match_Type', 'Existing_Record_Flag', 'Risk_Grade', 'Fraud_Flag',
       'Exception_Flag', 'Bureau_Score', 'Employment_Verified',
       'Income_Verified', 'Address_Verified', 'KYC_Status', 'UW_Decision',
       'Escalation_Required', 'Underwriting_Notes', 'Documents_Collected_Flag',
       'Missing_Documents_Count', 'PDOC_Status', 'PDOC_Clearance_Date',
       'PDOC_Notes', 'Final_Approved_Limit', 'Disbursement_Date',
       'Activation_Status', 'Welcome_Kit_Sent', 'DI_Notes',
       'Stage_Start_Timestamp', 'Stage_End_Timestamp',
       'Stage_Duration_Minutes', 'Total_Processing_Days', 'SLA_Met',
       'Last_Modified_By', 'Last_Modified_Timestamp', 'Escalation_Notes',
       'QA_Check_Flag'],
      dtype='object')
2025-10-03 16:20:08,291 | INFO | core.io.loaders | [INGEST] Loaded data/raw/credit_card_process_activities.csv rows=600 cols=43
2025-10-03 16:20:08,354 | INFO | pipelines.master_workflow | [info] columns=Index(['activity_id', 'application_id', 'product__type', 'channel', 'stage',
       'activity__type', 'activity__timestamp', 'performed__by',
       'status__after__activity', 'activity__notes', 'dedupe__flag',
       'dedupe__match__type', 'existing__record__flag', 'risk__grade',
       'fraud__flag', 'exception__flag', 'bureau__score',
       'employment__verified', 'income__verified', 'address__verified',
       'kyc__status', 'uw__decision', 'escalation__required',
       'underwriting__notes', 'documents__collected__flag',
       'missing__documents__count', 'pdoc__status', 'pdoc__clearance__date',
       'pdoc__notes', 'final__approved__limit', 'disbursement__date',
       'activation__status', 'welcome__kit__sent', 'di__notes',
       'stage__start__timestamp', 'stage__end__timestamp',
       'stage__duration__minutes', 'total__processing__days', 'sla__met',
       'last__modified__by', 'last__modified__timestamp', 'escalation__notes',
       'qa__check__flag'],
      dtype='object')
2025-10-03 16:29:24,658 | INFO | core.io.loaders | [INGEST] Loaded data/raw/credit_card_process_activities.csv rows=600 cols=43
2025-10-03 16:29:24,722 | INFO | pipelines.master_workflow | [info] columns=Index(['activity_id', 'journey_id', 'product', 'channel', 'step',
       'activity_type', 'activity_timestamp', 'performed_by',
       'status_after_activity', 'activity_notes', 'dedupe_flag',
       'dedupe_match_type', 'existing_record_flag', 'risk_grade', 'fraud_flag',
       'exception_flag', 'bureau_score', 'employment_verified',
       'income_verified', 'address_verified', 'kyc_status', 'uw_decision',
       'escalation_required', 'underwriting_notes', 'documents_collected_flag',
       'missing_documents_count', 'pdoc_status', 'pdoc_clearance_date',
       'pdoc_notes', 'final_approved_limit', 'disbursement_date',
       'activation_status', 'welcome_kit_sent', 'di_notes',
       'stage_start_timestamp', 'stage_end_timestamp',
       'stage_duration_minutes', 'total_processing_days', 'sla_met',
       'last_modified_by', 'last_modified_timestamp', 'escalation_notes',
       'qa_check_flag'],
      dtype='object')
2025-10-03 16:29:45,126 | INFO | core.io.loaders | [INGEST] Loaded data/raw/credit_card_process_activities.csv rows=600 cols=43
2025-10-03 16:29:45,181 | INFO | pipelines.master_workflow | [info] columns=Index(['activity_id', 'journey_id', 'product', 'channel', 'step',
       'activity_type', 'activity_timestamp', 'performed_by',
       'status_after_activity', 'activity_notes', 'dedupe_flag',
       'dedupe_match_type', 'existing_record_flag', 'risk_grade', 'fraud_flag',
       'exception_flag', 'bureau_score', 'employment_verified',
       'income_verified', 'address_verified', 'kyc_status', 'uw_decision',
       'escalation_required', 'underwriting_notes', 'documents_collected_flag',
       'missing_documents_count', 'pdoc_status', 'pdoc_clearance_date',
       'pdoc_notes', 'final_approved_limit', 'disbursement_date',
       'activation_status', 'welcome_kit_sent', 'di_notes',
       'stage_start_timestamp', 'stage_end_timestamp',
       'stage_duration_minutes', 'total_processing_days', 'sla_met',
       'last_modified_by', 'last_modified_timestamp', 'escalation_notes',
       'qa_check_flag'],
      dtype='object')
2025-10-03 16:30:25,550 | INFO | core.io.loaders | [INGEST] Loaded data/raw/credit_card_process_activities.csv rows=600 cols=43
2025-10-03 16:30:25,611 | INFO | pipelines.master_workflow | [info] columns=Index(['activity_id', 'journey_id1', 'product', 'channel', 'step',
       'activity_type', 'activity_timestamp', 'performed_by',
       'status_after_activity', 'activity_notes', 'dedupe_flag',
       'dedupe_match_type', 'existing_record_flag', 'risk_grade', 'fraud_flag',
       'exception_flag', 'bureau_score', 'employment_verified',
       'income_verified', 'address_verified', 'kyc_status', 'uw_decision',
       'escalation_required', 'underwriting_notes', 'documents_collected_flag',
       'missing_documents_count', 'pdoc_status', 'pdoc_clearance_date',
       'pdoc_notes', 'final_approved_limit', 'disbursement_date',
       'activation_status', 'welcome_kit_sent', 'di_notes',
       'stage_start_timestamp', 'stage_end_timestamp',
       'stage_duration_minutes', 'total_processing_days', 'sla_met',
       'last_modified_by', 'last_modified_timestamp', 'escalation_notes',
       'qa_check_flag'],
      dtype='object')
2025-10-03 16:36:29,844 | INFO | core.io.loaders | [INGEST] Loaded data/raw/credit_card_process_activities.csv rows=600 cols=43
2025-10-03 16:36:54,822 | INFO | core.io.loaders | [INGEST] Loaded data/raw/credit_card_process_activities.csv rows=600 cols=43
2025-10-03 16:36:54,878 | INFO | pipelines.master_workflow | [info] columns=Index(['activity_id', 'journey_id', 'product', 'channel', 'step',
       'activity_type', 'activity_timestamp', 'performed_by',
       'status_after_activity', 'activity_notes', 'dedupe_flag',
       'dedupe_match_type', 'existing_record_flag', 'risk_grade', 'fraud_flag',
       'exception_flag', 'bureau_score', 'employment_verified',
       'income_verified', 'address_verified', 'kyc_status', 'uw_decision',
       'escalation_required', 'underwriting_notes', 'documents_collected_flag',
       'missing_documents_count', 'pdoc_status', 'pdoc_clearance_date',
       'pdoc_notes', 'final_approved_limit', 'disbursement_date',
       'activation_status', 'welcome_kit_sent', 'di_notes',
       'stage_start_timestamp', 'stage_end_timestamp',
       'stage_duration_minutes', 'total_processing_days', 'sla_met',
       'last_modified_by', 'last_modified_timestamp', 'escalation_notes',
       'qa_check_flag'],
      dtype='object')
